 
 -------------- celery@xlab-test-dev001-whdx.qiyi.virtual v4.1.0 (latentcall)
---- **** ----- 
--- * ***  * -- Linux-3.10.0-229.el7.x86_64-x86_64-with-centos-7.1.1503-Core 2018-01-25 10:34:20
-- * - **** --- 
- ** ---------- [config]
- ** ---------- .> app:         webscanner:0x376c290
- ** ---------- .> transport:   amqp://guest:**@localhost:5672//
- ** ---------- .> results:     disabled://
- *** --- * --- .> concurrency: 4 (prefork)
-- ******* ---- .> task events: OFF (enable -E to monitor tasks in this worker)
--- ***** ----- 
 -------------- [queues]
                .> celery           exchange=celery(direct) key=celery
                

[tasks]
  . scanner.tasks.get_title
  . scanner.tasks.nmap_scan
  . scanner.tasks.pocverify
  . scanner.tasks.sensitivescan
  . scanner.tasks.task_masscan

 
 -------------- celery@xlab-test-dev001-whdx.qiyi.virtual v4.1.0 (latentcall)
---- **** ----- 
--- * ***  * -- Linux-3.10.0-229.el7.x86_64-x86_64-with-centos-7.1.1503-Core 2018-01-31 07:09:13
-- * - **** --- 
- ** ---------- [config]
- ** ---------- .> app:         webscanner:0x28da910
- ** ---------- .> transport:   amqp://guest:**@localhost:5672//
- ** ---------- .> results:     disabled://
- *** --- * --- .> concurrency: 4 (prefork)
-- ******* ---- .> task events: OFF (enable -E to monitor tasks in this worker)
--- ***** ----- 
 -------------- [queues]
                .> celery           exchange=celery(direct) key=celery
                

[tasks]
  . scanner.tasks.get_title
  . scanner.tasks.nmap_scan
  . scanner.tasks.pocverify
  . scanner.tasks.sensitivescan
  . scanner.tasks.task_masscan

 
 -------------- celery@xlab-test-dev001-whdx.qiyi.virtual v4.1.0 (latentcall)
---- **** ----- 
--- * ***  * -- Linux-3.10.0-229.el7.x86_64-x86_64-with-centos-7.1.1503-Core 2018-02-06 07:33:14
-- * - **** --- 
- ** ---------- [config]
- ** ---------- .> app:         webscanner:0x1da0e90
- ** ---------- .> transport:   amqp://guest:**@localhost:5672//
- ** ---------- .> results:     disabled://
- *** --- * --- .> concurrency: 4 (prefork)
-- ******* ---- .> task events: OFF (enable -E to monitor tasks in this worker)
--- ***** ----- 
 -------------- [queues]
                .> celery           exchange=celery(direct) key=celery
                

[tasks]
  . scanner.tasks.get_title
  . scanner.tasks.nmap_scan
  . scanner.tasks.pocverify
  . scanner.tasks.sensitivescan
  . scanner.tasks.task_masscan

