Traceback (most recent call last):
  File "/usr/bin/celery", line 11, in <module>
    sys.exit(main())
  File "/usr/lib/python2.7/site-packages/celery/__main__.py", line 14, in main
    _main()
  File "/usr/lib/python2.7/site-packages/celery/bin/celery.py", line 326, in main
    cmd.execute_from_commandline(argv)
  File "/usr/lib/python2.7/site-packages/celery/bin/celery.py", line 488, in execute_from_commandline
    super(CeleryCommand, self).execute_from_commandline(argv)))
  File "/usr/lib/python2.7/site-packages/celery/bin/base.py", line 279, in execute_from_commandline
    argv = self.setup_app_from_commandline(argv)
  File "/usr/lib/python2.7/site-packages/celery/bin/base.py", line 481, in setup_app_from_commandline
    self.app = self.find_app(app)
  File "/usr/lib/python2.7/site-packages/celery/bin/base.py", line 503, in find_app
    return find_app(app, symbol_by_name=self.symbol_by_name)
  File "/usr/lib/python2.7/site-packages/celery/app/utils.py", line 355, in find_app
    sym = symbol_by_name(app, imp=imp)
  File "/usr/lib/python2.7/site-packages/celery/bin/base.py", line 506, in symbol_by_name
    return imports.symbol_by_name(name, imp=imp)
  File "/usr/lib/python2.7/site-packages/kombu/utils/imports.py", line 56, in symbol_by_name
    module = imp(module_name, package=package, **kwargs)
  File "/usr/lib/python2.7/site-packages/celery/utils/imports.py", line 101, in import_from_cwd
    return imp(module, package=package)
  File "/usr/lib64/python2.7/importlib/__init__.py", line 37, in import_module
    __import__(name)
ImportError: No module named worker
[24/Jan/2018 05:56:11] "GET / HTTP/1.1" 302 0
[24/Jan/2018 05:56:11] "GET /login/?next=/ HTTP/1.1" 200 5680
[24/Jan/2018 05:56:12] "GET /favicon.ico HTTP/1.1" 404 4042
[24/Jan/2018 05:56:13] "POST /login/ HTTP/1.1" 302 0
[24/Jan/2018 05:56:13] "GET / HTTP/1.1" 200 4480
[24/Jan/2018 05:56:14] "GET /showdomainip/ HTTP/1.1" 200 17402
[24/Jan/2018 05:57:00] "GET /showdomainip/?page=2 HTTP/1.1" 200 17294
Performing system checks...

System check identified no issues (0 silenced).
January 23, 2018 - 11:24:26
Django version 1.8.18, using settings 'webscanner.settings'
Starting development server at http://0.0.0.0:8000/
Quit the server with CONTROL-C.
request.user= root
[24/Jan/2018 06:13:03] "GET /domains/ HTTP/1.1" 200 4677
[24/Jan/2018 06:13:07] "GET /nmapscan?id=1 HTTP/1.1" 200 8
[24/Jan/2018 06:16:13] "GET / HTTP/1.1" 200 4480
[24/Jan/2018 06:16:14] "GET /domains/ HTTP/1.1" 200 4677
[24/Jan/2018 06:16:15] "GET /showdomainip/ HTTP/1.1" 200 17422
[24/Jan/2018 06:16:23] "GET /showdomainip/?page=2 HTTP/1.1" 200 17277
[24/Jan/2018 06:16:26] "GET /showdomainip/?page=3 HTTP/1.1" 200 17358
[24/Jan/2018 06:16:31] "GET /showdomainip/?page=4 HTTP/1.1" 200 17216
[24/Jan/2018 06:16:34] "GET /showdomainip/?page=5 HTTP/1.1" 200 17362
[24/Jan/2018 06:16:39] "GET /showdomainip/?page=6 HTTP/1.1" 200 17378
[24/Jan/2018 06:16:43] "GET /showdomainip/?page=7 HTTP/1.1" 200 17302
Performing system checks...

System check identified no issues (0 silenced).
January 24, 2018 - 06:02:19
Django version 1.8.18, using settings 'webscanner.settings'
Starting development server at http://0.0.0.0:8000/
Quit the server with CONTROL-C.
request.user= root
[24/Jan/2018 06:22:23] "GET /domains/ HTTP/1.1" 200 4677
[24/Jan/2018 06:22:24] "GET /nmapscan?id=1 HTTP/1.1" 302 0
[24/Jan/2018 06:22:24] "GET /nmapscan HTTP/1.1" 500 66116
[24/Jan/2018 06:25:27] "GET /domains/ HTTP/1.1" 200 4677
[24/Jan/2018 06:25:29] "GET /nmapscan?id=1 HTTP/1.1" 302 0
[24/Jan/2018 06:25:29] "GET /nmapscan HTTP/1.1" 500 66116
Performing system checks...

System check identified no issues (0 silenced).
January 24, 2018 - 06:17:51
Django version 1.8.18, using settings 'webscanner.settings'
Starting development server at http://0.0.0.0:8000/
Quit the server with CONTROL-C.
[24/Jan/2018 06:26:17] "GET /nmapscan?id=1 HTTP/1.1" 302 0
[24/Jan/2018 06:26:17] "GET /nmapscan HTTP/1.1" 302 0
[24/Jan/2018 06:26:17] "GET / HTTP/1.1" 200 4480
[24/Jan/2018 06:26:20] "GET /domains/ HTTP/1.1" 200 4677
Performing system checks...

System check identified no issues (0 silenced).
January 24, 2018 - 06:26:13
Django version 1.8.18, using settings 'webscanner.settings'
Starting development server at http://0.0.0.0:8000/
Quit the server with CONTROL-C.
request.user= root
[24/Jan/2018 06:27:34] "GET /domains/ HTTP/1.1" 200 4677
[24/Jan/2018 06:27:47] "GET /nmapscan?id=1 HTTP/1.1" 302 0
[24/Jan/2018 06:27:47] "GET /nmapscan HTTP/1.1" 302 0
[24/Jan/2018 06:27:47] "GET / HTTP/1.1" 200 4480
Performing system checks...

System check identified no issues (0 silenced).
January 24, 2018 - 06:26:37
Django version 1.8.18, using settings 'webscanner.settings'
Starting development server at http://0.0.0.0:8000/
Quit the server with CONTROL-C.
request.user= root
[24/Jan/2018 07:06:27] "GET /showdomainip/ HTTP/1.1" 200 17422
[24/Jan/2018 07:06:30] "GET /showdomainip/?page=2 HTTP/1.1" 200 17277
[24/Jan/2018 07:06:32] "GET /showdomainip/?page=3 HTTP/1.1" 200 17354
[24/Jan/2018 07:06:36] "GET /showdomainip/?page=4 HTTP/1.1" 200 17212
[24/Jan/2018 07:06:39] "GET /showdomainip/?page=5 HTTP/1.1" 200 17390
[24/Jan/2018 07:06:41] "GET /showdomainip/?page=6 HTTP/1.1" 200 17334
[24/Jan/2018 07:06:43] "GET /showdomainip/?page=7 HTTP/1.1" 200 17374
[24/Jan/2018 07:06:46] "GET /showdomainip/?page=8 HTTP/1.1" 200 17419
[24/Jan/2018 07:06:50] "GET /showdomainip/?page=50 HTTP/1.1" 200 17215
[24/Jan/2018 07:06:53] "GET /showdomainip/?page=49 HTTP/1.1" 200 17088
[24/Jan/2018 07:06:55] "GET /showdomainip/?page=48 HTTP/1.1" 200 17128
[24/Jan/2018 07:06:57] "GET /showdomainip/?page=47 HTTP/1.1" 200 17211
[24/Jan/2018 07:06:58] "GET /showdomainip/?page=46 HTTP/1.1" 200 17133
[24/Jan/2018 07:06:58] "GET /showdomainip/?page=45 HTTP/1.1" 200 17215
[24/Jan/2018 07:06:59] "GET /showdomainip/?page=44 HTTP/1.1" 200 17437
[24/Jan/2018 08:00:36] "GET /showdomainip/?page=45 HTTP/1.1" 200 17335
[24/Jan/2018 08:00:36] "GET /favicon.ico HTTP/1.1" 404 4042
[24/Jan/2018 08:00:39] "GET /showdomainip/?page=90 HTTP/1.1" 200 17268
[24/Jan/2018 08:00:47] "GET /showdomainip/?page=150 HTTP/1.1" 200 17043
[24/Jan/2018 08:00:49] "GET /showdomainip/?page=149 HTTP/1.1" 200 17045
[24/Jan/2018 08:00:50] "GET /showdomainip/?page=148 HTTP/1.1" 200 17038
[24/Jan/2018 08:00:50] "GET /showdomainip/?page=147 HTTP/1.1" 200 17035
[24/Jan/2018 08:00:51] "GET /showdomainip/?page=146 HTTP/1.1" 200 17044
[24/Jan/2018 08:00:57] "GET /showdomainip/?page=130 HTTP/1.1" 200 17272
[24/Jan/2018 08:01:04] "GET /showdomainip/?page=115 HTTP/1.1" 200 17043
[24/Jan/2018 08:01:08] "GET /showdomainip/?page=100 HTTP/1.1" 200 17414
[24/Jan/2018 08:01:11] "GET /showdomainip/?page=101 HTTP/1.1" 200 17181
[24/Jan/2018 08:01:12] "GET /showdomainip/?page=102 HTTP/1.1" 200 17263
[24/Jan/2018 08:01:18] "GET /showdomainip/?page=103 HTTP/1.1" 200 17370
[24/Jan/2018 08:01:20] "GET /showdomainip/?page=104 HTTP/1.1" 200 17169
Performing system checks...

System check identified no issues (0 silenced).
January 24, 2018 - 06:28:07
Django version 1.8.18, using settings 'webscanner.settings'
Starting development server at http://0.0.0.0:8000/
Quit the server with CONTROL-C.
[24/Jan/2018 09:59:16] "GET /showdomainip/ HTTP/1.1" 200 17422
[24/Jan/2018 09:59:18] "GET /favicon.ico HTTP/1.1" 404 4042
[24/Jan/2018 09:59:20] "GET /showdomainip/?page=2 HTTP/1.1" 200 17277
[24/Jan/2018 09:59:27] "GET /showdomainip/?page=202 HTTP/1.1" 200 7745
Performing system checks...

System check identified no issues (0 silenced).
January 24, 2018 - 08:47:36
Django version 1.8.18, using settings 'webscanner.settings'
Starting development server at http://0.0.0.0:8000/
Quit the server with CONTROL-C.
[24/Jan/2018 10:00:53] "GET /domains/ HTTP/1.1" 200 4677
[24/Jan/2018 10:00:59] "GET /updatehttptitle?id=1 HTTP/1.1" 302 0
[24/Jan/2018 10:00:59] "GET / HTTP/1.1" 200 4480
Performing system checks...

System check identified no issues (0 silenced).
January 24, 2018 - 10:00:01
Django version 1.8.18, using settings 'webscanner.settings'
Starting development server at http://0.0.0.0:8000/
Quit the server with CONTROL-C.
request.user= root
[24/Jan/2018 10:02:31] "GET /domains/ HTTP/1.1" 200 4677
[24/Jan/2018 10:02:32] "GET /showdomainip/ HTTP/1.1" 200 17422
[24/Jan/2018 10:02:33] "GET /domains/ HTTP/1.1" 200 4677
[24/Jan/2018 10:02:34] "GET /updatehttptitle?id=1 HTTP/1.1" 302 0
[24/Jan/2018 10:02:34] "GET / HTTP/1.1" 200 4480
[24/Jan/2018 10:04:50] "GET /domains/ HTTP/1.1" 200 4677
[24/Jan/2018 10:04:53] "GET /updatehttptitle?id=1 HTTP/1.1" 302 0
[24/Jan/2018 10:04:53] "GET / HTTP/1.1" 200 4480
Performing system checks...

System check identified no issues (0 silenced).
January 24, 2018 - 10:02:27
Django version 1.8.18, using settings 'webscanner.settings'
Starting development server at http://0.0.0.0:8000/
Quit the server with CONTROL-C.
request.user= root
request.user= root
[24/Jan/2018 10:05:39] "GET /domains/ HTTP/1.1" 200 4677
[24/Jan/2018 10:05:42] "GET /updatehttptitle?id=1 HTTP/1.1" 302 0
[24/Jan/2018 10:05:42] "GET / HTTP/1.1" 200 4480
[24/Jan/2018 10:06:05] "GET /domains/ HTTP/1.1" 200 4677
[24/Jan/2018 10:06:09] "GET /updatehttptitle?id=1 HTTP/1.1" 302 0
[24/Jan/2018 10:06:09] "GET / HTTP/1.1" 200 4480
[24/Jan/2018 10:06:29] "GET /showdomainip/ HTTP/1.1" 200 17422
[24/Jan/2018 10:08:20] "GET /domains/ HTTP/1.1" 200 4677
[24/Jan/2018 10:08:21] "GET /updatehttptitle?id=1 HTTP/1.1" 302 0
[24/Jan/2018 10:08:21] "GET / HTTP/1.1" 200 4480
Performing system checks...

System check identified no issues (0 silenced).
January 24, 2018 - 10:05:32
Django version 1.8.18, using settings 'webscanner.settings'
Starting development server at http://0.0.0.0:8000/
Quit the server with CONTROL-C.
request.user= root
request.user= root
request.user= root
[24/Jan/2018 10:09:09] "GET /domains/ HTTP/1.1" 200 4677
[24/Jan/2018 10:09:11] "GET /updatehttptitle?id=1 HTTP/1.1" 302 0
[24/Jan/2018 10:09:11] "GET / HTTP/1.1" 200 4480
Performing system checks...

System check identified no issues (0 silenced).
January 24, 2018 - 10:09:00
Django version 1.8.18, using settings 'webscanner.settings'
Starting development server at http://0.0.0.0:8000/
Quit the server with CONTROL-C.
request.user= root
[24/Jan/2018 10:12:45] "GET /domains/ HTTP/1.1" 200 4677
[24/Jan/2018 10:12:48] "GET /updatehttptitle?id=1 HTTP/1.1" 302 0
[24/Jan/2018 10:12:48] "GET / HTTP/1.1" 200 4480
Performing system checks...

System check identified no issues (0 silenced).
January 24, 2018 - 10:12:38
Django version 1.8.18, using settings 'webscanner.settings'
Starting development server at http://0.0.0.0:8000/
Quit the server with CONTROL-C.
request.user= root
[24/Jan/2018 10:14:39] "GET /domains/ HTTP/1.1" 200 4677
[24/Jan/2018 10:14:40] "GET /updatehttptitle?id=1 HTTP/1.1" 302 0
[24/Jan/2018 10:14:40] "GET / HTTP/1.1" 200 4480
Performing system checks...

System check identified no issues (0 silenced).
January 24, 2018 - 10:13:49
Django version 1.8.18, using settings 'webscanner.settings'
Starting development server at http://0.0.0.0:8000/
Quit the server with CONTROL-C.
request.user= root
[24/Jan/2018 10:15:22] "GET /domains/ HTTP/1.1" 200 4677
[24/Jan/2018 10:15:25] "GET /updatehttptitle?id=1 HTTP/1.1" 302 0
[24/Jan/2018 10:15:25] "GET / HTTP/1.1" 200 4480
Performing system checks...

System check identified no issues (0 silenced).
January 24, 2018 - 10:15:07
Django version 1.8.18, using settings 'webscanner.settings'
Starting development server at http://0.0.0.0:8000/
Quit the server with CONTROL-C.
request.user= root
[24/Jan/2018 10:16:22] "GET /domains/ HTTP/1.1" 200 4677
[24/Jan/2018 10:16:26] "GET /updatehttptitle?id=1 HTTP/1.1" 302 0
[24/Jan/2018 10:16:26] "GET / HTTP/1.1" 200 4480
[24/Jan/2018 10:16:48] "GET /showdomainip/ HTTP/1.1" 200 17422
Performing system checks...

System check identified no issues (0 silenced).
January 24, 2018 - 10:15:55
Django version 1.8.18, using settings 'webscanner.settings'
Starting development server at http://0.0.0.0:8000/
Quit the server with CONTROL-C.
request.user= root
[24/Jan/2018 10:18:08] "GET /domains/ HTTP/1.1" 200 4677
[24/Jan/2018 10:18:11] "GET /updatehttptitle?id=1 HTTP/1.1" 302 0
[24/Jan/2018 10:18:11] "GET / HTTP/1.1" 200 4480
Performing system checks...

System check identified no issues (0 silenced).
January 24, 2018 - 10:18:00
Django version 1.8.18, using settings 'webscanner.settings'
Starting development server at http://0.0.0.0:8000/
Quit the server with CONTROL-C.
request.user= root
[24/Jan/2018 10:20:36] "GET /showdomainip/ HTTP/1.1" 200 17997
[24/Jan/2018 10:20:51] "GET /domains/ HTTP/1.1" 200 4677
[24/Jan/2018 10:20:54] "GET /updatehttptitle?id=1 HTTP/1.1" 302 0
[24/Jan/2018 10:20:54] "GET / HTTP/1.1" 200 4480
[24/Jan/2018 10:22:38] "GET /showdomainip/ HTTP/1.1" 200 17997
[24/Jan/2018 10:22:44] "GET /showdomainip/?page=2 HTTP/1.1" 200 17762
[24/Jan/2018 10:22:49] "GET /showdomainip/?page=3 HTTP/1.1" 200 17582
[24/Jan/2018 10:31:04] "GET /domains/ HTTP/1.1" 200 4677
Performing system checks...

System check identified no issues (0 silenced).
January 24, 2018 - 10:19:47
Django version 1.8.18, using settings 'webscanner.settings'
Starting development server at http://0.0.0.0:8000/
Quit the server with CONTROL-C.
request.user= root
[24/Jan/2018 10:31:27] "GET /updatehttptitle?id=1 HTTP/1.1" 302 0
[24/Jan/2018 10:31:27] "GET / HTTP/1.1" 200 4480
[24/Jan/2018 10:34:02] "GET /showdomainip/ HTTP/1.1" 200 17997
[24/Jan/2018 10:34:05] "GET /showdomainip/?page=2 HTTP/1.1" 200 17764
[24/Jan/2018 10:34:08] "GET /showdomainip/?page=3 HTTP/1.1" 200 17582
[24/Jan/2018 10:34:13] "GET /showdomainip/?page=3202 HTTP/1.1" 500 77564
Performing system checks...

System check identified no issues (0 silenced).
January 24, 2018 - 10:31:23
Django version 1.8.18, using settings 'webscanner.settings'
Starting development server at http://0.0.0.0:8000/
Quit the server with CONTROL-C.
request.user= root
[24/Jan/2018 10:37:18] "GET /showdomainip/?page=3202 HTTP/1.1" 200 7843
[24/Jan/2018 10:37:23] "GET /showdomainip/?page=201 HTTP/1.1" 200 17339
[24/Jan/2018 10:37:36] "GET /showdomainip/?page=200 HTTP/1.1" 200 17721
[24/Jan/2018 10:39:30] "GET /showdomainip/?page=199 HTTP/1.1" 200 17375
[24/Jan/2018 10:39:54] "GET /showdomainip/?page=198 HTTP/1.1" 200 17609
[24/Jan/2018 10:40:34] "GET /showdomainip/?page=197 HTTP/1.1" 200 18373
[24/Jan/2018 10:40:47] "GET /showdomainip/?page=196 HTTP/1.1" 200 17685
[24/Jan/2018 10:40:51] "GET /showdomainip/?page=195 HTTP/1.1" 200 17486
[24/Jan/2018 10:41:13] "GET /showdomainip/?page=194 HTTP/1.1" 200 17767
[24/Jan/2018 10:41:21] "GET /showdomainip/?page=193 HTTP/1.1" 200 17941
[24/Jan/2018 10:44:05] "GET /showdomainip/?page=192 HTTP/1.1" 200 17776
[24/Jan/2018 10:44:11] "GET /showdomainip/?page=191 HTTP/1.1" 200 17513
[24/Jan/2018 10:44:15] "GET /showdomainip/?page=190 HTTP/1.1" 200 17815
[24/Jan/2018 10:44:24] "GET /showdomainip/?page=189 HTTP/1.1" 200 17358
[24/Jan/2018 10:44:28] "GET /showdomainip/?page=188 HTTP/1.1" 200 17903
[24/Jan/2018 10:44:35] "GET /showdomainip/?page=187 HTTP/1.1" 200 17483
[24/Jan/2018 10:51:39] "GET /showdomainip/?page=186 HTTP/1.1" 200 17505
[24/Jan/2018 10:51:48] "GET /showdomainip/?page=185 HTTP/1.1" 200 17508
[24/Jan/2018 10:51:52] "GET /showdomainip/?page=184 HTTP/1.1" 200 17492
[24/Jan/2018 10:51:57] "GET /showdomainip/?page=183 HTTP/1.1" 200 17888
[24/Jan/2018 10:52:01] "GET /showdomainip/?page=182 HTTP/1.1" 200 18512
[24/Jan/2018 10:52:05] "GET /showdomainip/?page=181 HTTP/1.1" 200 17611
[24/Jan/2018 10:52:10] "GET /showdomainip/?page=180 HTTP/1.1" 200 17910
[24/Jan/2018 10:52:13] "GET /showdomainip/?page=179 HTTP/1.1" 200 18117
Performing system checks...

System check identified no issues (0 silenced).
January 24, 2018 - 10:37:14
Django version 1.8.18, using settings 'webscanner.settings'
Starting development server at http://0.0.0.0:8000/
Quit the server with CONTROL-C.
[24/Jan/2018 10:55:47] "GET /domains/ HTTP/1.1" 200 4677
